 INFO [main] 2018-04-13 13:27:17 (PluginsService.java:175) no modules loaded
 INFO [main] 2018-04-13 13:27:17 (PluginsService.java:178) loaded plugin [org.elasticsearch.index.reindex.ReindexPlugin]
 INFO [main] 2018-04-13 13:27:17 (PluginsService.java:178) loaded plugin [org.elasticsearch.join.ParentJoinPlugin]
 INFO [main] 2018-04-13 13:27:17 (PluginsService.java:178) loaded plugin [org.elasticsearch.percolator.PercolatorPlugin]
 INFO [main] 2018-04-13 13:27:17 (PluginsService.java:178) loaded plugin [org.elasticsearch.script.mustache.MustachePlugin]
 INFO [main] 2018-04-13 13:27:17 (PluginsService.java:178) loaded plugin [org.elasticsearch.transport.Netty3Plugin]
 INFO [main] 2018-04-13 13:27:17 (PluginsService.java:178) loaded plugin [org.elasticsearch.transport.Netty4Plugin]
 INFO [main] 2018-04-13 13:27:27 (ESClient.java:31) connect success!
 INFO [main] 2018-04-13 13:29:11 (PluginsService.java:175) no modules loaded
 INFO [main] 2018-04-13 13:29:11 (PluginsService.java:178) loaded plugin [org.elasticsearch.index.reindex.ReindexPlugin]
 INFO [main] 2018-04-13 13:29:11 (PluginsService.java:178) loaded plugin [org.elasticsearch.join.ParentJoinPlugin]
 INFO [main] 2018-04-13 13:29:11 (PluginsService.java:178) loaded plugin [org.elasticsearch.percolator.PercolatorPlugin]
 INFO [main] 2018-04-13 13:29:11 (PluginsService.java:178) loaded plugin [org.elasticsearch.script.mustache.MustachePlugin]
 INFO [main] 2018-04-13 13:29:11 (PluginsService.java:178) loaded plugin [org.elasticsearch.transport.Netty3Plugin]
 INFO [main] 2018-04-13 13:29:11 (PluginsService.java:178) loaded plugin [org.elasticsearch.transport.Netty4Plugin]
 INFO [main] 2018-04-13 13:29:16 (ESClient.java:31) connect success!
 INFO [main] 2018-04-13 13:29:45 (PluginsService.java:175) no modules loaded
 INFO [main] 2018-04-13 13:29:45 (PluginsService.java:178) loaded plugin [org.elasticsearch.index.reindex.ReindexPlugin]
 INFO [main] 2018-04-13 13:29:45 (PluginsService.java:178) loaded plugin [org.elasticsearch.join.ParentJoinPlugin]
 INFO [main] 2018-04-13 13:29:45 (PluginsService.java:178) loaded plugin [org.elasticsearch.percolator.PercolatorPlugin]
 INFO [main] 2018-04-13 13:29:45 (PluginsService.java:178) loaded plugin [org.elasticsearch.script.mustache.MustachePlugin]
 INFO [main] 2018-04-13 13:29:45 (PluginsService.java:178) loaded plugin [org.elasticsearch.transport.Netty3Plugin]
 INFO [main] 2018-04-13 13:29:45 (PluginsService.java:178) loaded plugin [org.elasticsearch.transport.Netty4Plugin]
 INFO [main] 2018-04-13 13:29:51 (ESClient.java:31) connect success!
 INFO [main] 2018-04-13 13:34:15 (PluginsService.java:175) no modules loaded
 INFO [main] 2018-04-13 13:34:15 (PluginsService.java:178) loaded plugin [org.elasticsearch.index.reindex.ReindexPlugin]
 INFO [main] 2018-04-13 13:34:15 (PluginsService.java:178) loaded plugin [org.elasticsearch.join.ParentJoinPlugin]
 INFO [main] 2018-04-13 13:34:15 (PluginsService.java:178) loaded plugin [org.elasticsearch.percolator.PercolatorPlugin]
 INFO [main] 2018-04-13 13:34:15 (PluginsService.java:178) loaded plugin [org.elasticsearch.script.mustache.MustachePlugin]
 INFO [main] 2018-04-13 13:34:15 (PluginsService.java:178) loaded plugin [org.elasticsearch.transport.Netty3Plugin]
 INFO [main] 2018-04-13 13:34:15 (PluginsService.java:178) loaded plugin [org.elasticsearch.transport.Netty4Plugin]
 INFO [main] 2018-04-13 13:34:21 (ESClient.java:31) connect success!
 INFO [main] 2018-04-13 13:35:08 (PluginsService.java:175) no modules loaded
 INFO [main] 2018-04-13 13:35:08 (PluginsService.java:178) loaded plugin [org.elasticsearch.index.reindex.ReindexPlugin]
 INFO [main] 2018-04-13 13:35:08 (PluginsService.java:178) loaded plugin [org.elasticsearch.join.ParentJoinPlugin]
 INFO [main] 2018-04-13 13:35:08 (PluginsService.java:178) loaded plugin [org.elasticsearch.percolator.PercolatorPlugin]
 INFO [main] 2018-04-13 13:35:08 (PluginsService.java:178) loaded plugin [org.elasticsearch.script.mustache.MustachePlugin]
 INFO [main] 2018-04-13 13:35:08 (PluginsService.java:178) loaded plugin [org.elasticsearch.transport.Netty3Plugin]
 INFO [main] 2018-04-13 13:35:08 (PluginsService.java:178) loaded plugin [org.elasticsearch.transport.Netty4Plugin]
 INFO [main] 2018-04-13 13:35:14 (ESClient.java:31) connect success!
 INFO [main] 2018-04-13 13:36:37 (PluginsService.java:175) no modules loaded
 INFO [main] 2018-04-13 13:36:37 (PluginsService.java:178) loaded plugin [org.elasticsearch.index.reindex.ReindexPlugin]
 INFO [main] 2018-04-13 13:36:37 (PluginsService.java:178) loaded plugin [org.elasticsearch.join.ParentJoinPlugin]
 INFO [main] 2018-04-13 13:36:37 (PluginsService.java:178) loaded plugin [org.elasticsearch.percolator.PercolatorPlugin]
 INFO [main] 2018-04-13 13:36:37 (PluginsService.java:178) loaded plugin [org.elasticsearch.script.mustache.MustachePlugin]
 INFO [main] 2018-04-13 13:36:37 (PluginsService.java:178) loaded plugin [org.elasticsearch.transport.Netty3Plugin]
 INFO [main] 2018-04-13 13:36:37 (PluginsService.java:178) loaded plugin [org.elasticsearch.transport.Netty4Plugin]
 INFO [main] 2018-04-13 13:36:43 (ESClient.java:31) connect success!
 INFO [main] 2018-04-13 13:37:52 (PluginsService.java:175) no modules loaded
 INFO [main] 2018-04-13 13:37:52 (PluginsService.java:178) loaded plugin [org.elasticsearch.index.reindex.ReindexPlugin]
 INFO [main] 2018-04-13 13:37:52 (PluginsService.java:178) loaded plugin [org.elasticsearch.join.ParentJoinPlugin]
 INFO [main] 2018-04-13 13:37:52 (PluginsService.java:178) loaded plugin [org.elasticsearch.percolator.PercolatorPlugin]
 INFO [main] 2018-04-13 13:37:52 (PluginsService.java:178) loaded plugin [org.elasticsearch.script.mustache.MustachePlugin]
 INFO [main] 2018-04-13 13:37:52 (PluginsService.java:178) loaded plugin [org.elasticsearch.transport.Netty3Plugin]
 INFO [main] 2018-04-13 13:37:52 (PluginsService.java:178) loaded plugin [org.elasticsearch.transport.Netty4Plugin]
 INFO [main] 2018-04-13 13:37:58 (ESClient.java:31) connect success!
 INFO [main] 2018-04-13 13:46:15 (PluginsService.java:175) no modules loaded
 INFO [main] 2018-04-13 13:46:15 (PluginsService.java:178) loaded plugin [org.elasticsearch.index.reindex.ReindexPlugin]
 INFO [main] 2018-04-13 13:46:15 (PluginsService.java:178) loaded plugin [org.elasticsearch.join.ParentJoinPlugin]
 INFO [main] 2018-04-13 13:46:15 (PluginsService.java:178) loaded plugin [org.elasticsearch.percolator.PercolatorPlugin]
 INFO [main] 2018-04-13 13:46:15 (PluginsService.java:178) loaded plugin [org.elasticsearch.script.mustache.MustachePlugin]
 INFO [main] 2018-04-13 13:46:15 (PluginsService.java:178) loaded plugin [org.elasticsearch.transport.Netty3Plugin]
 INFO [main] 2018-04-13 13:46:15 (PluginsService.java:178) loaded plugin [org.elasticsearch.transport.Netty4Plugin]
 INFO [main] 2018-04-13 13:46:23 (ESClient.java:27) connect success!
 INFO [main] 2018-04-13 13:58:41 (PluginsService.java:175) no modules loaded
 INFO [main] 2018-04-13 13:58:41 (PluginsService.java:178) loaded plugin [org.elasticsearch.index.reindex.ReindexPlugin]
 INFO [main] 2018-04-13 13:58:41 (PluginsService.java:178) loaded plugin [org.elasticsearch.join.ParentJoinPlugin]
 INFO [main] 2018-04-13 13:58:41 (PluginsService.java:178) loaded plugin [org.elasticsearch.percolator.PercolatorPlugin]
 INFO [main] 2018-04-13 13:58:41 (PluginsService.java:178) loaded plugin [org.elasticsearch.script.mustache.MustachePlugin]
 INFO [main] 2018-04-13 13:58:41 (PluginsService.java:178) loaded plugin [org.elasticsearch.transport.Netty3Plugin]
 INFO [main] 2018-04-13 13:58:41 (PluginsService.java:178) loaded plugin [org.elasticsearch.transport.Netty4Plugin]
 INFO [main] 2018-04-13 13:58:46 (ESClient.java:33) connect success!
 INFO [main] 2018-04-13 14:11:52 (PluginsService.java:175) no modules loaded
 INFO [main] 2018-04-13 14:11:52 (PluginsService.java:178) loaded plugin [org.elasticsearch.index.reindex.ReindexPlugin]
 INFO [main] 2018-04-13 14:11:52 (PluginsService.java:178) loaded plugin [org.elasticsearch.join.ParentJoinPlugin]
 INFO [main] 2018-04-13 14:11:52 (PluginsService.java:178) loaded plugin [org.elasticsearch.percolator.PercolatorPlugin]
 INFO [main] 2018-04-13 14:11:52 (PluginsService.java:178) loaded plugin [org.elasticsearch.script.mustache.MustachePlugin]
 INFO [main] 2018-04-13 14:11:52 (PluginsService.java:178) loaded plugin [org.elasticsearch.transport.Netty3Plugin]
 INFO [main] 2018-04-13 14:11:52 (PluginsService.java:178) loaded plugin [org.elasticsearch.transport.Netty4Plugin]
 INFO [main] 2018-04-13 14:12:01 (ESClient.java:33) connect success!
 INFO [main] 2018-04-13 14:23:35 (PluginsService.java:175) no modules loaded
 INFO [main] 2018-04-13 14:23:35 (PluginsService.java:178) loaded plugin [org.elasticsearch.index.reindex.ReindexPlugin]
 INFO [main] 2018-04-13 14:23:35 (PluginsService.java:178) loaded plugin [org.elasticsearch.join.ParentJoinPlugin]
 INFO [main] 2018-04-13 14:23:35 (PluginsService.java:178) loaded plugin [org.elasticsearch.percolator.PercolatorPlugin]
 INFO [main] 2018-04-13 14:23:35 (PluginsService.java:178) loaded plugin [org.elasticsearch.script.mustache.MustachePlugin]
 INFO [main] 2018-04-13 14:23:35 (PluginsService.java:178) loaded plugin [org.elasticsearch.transport.Netty3Plugin]
 INFO [main] 2018-04-13 14:23:35 (PluginsService.java:178) loaded plugin [org.elasticsearch.transport.Netty4Plugin]
 INFO [main] 2018-04-13 14:23:46 (TransportClientNodesService.java:436) failed to get node info for {#transport#-1}{1rSW2Yv4TaaH0FREpzxbYQ}{localhost}{127.0.0.1:9300}, disconnecting...
org.elasticsearch.transport.RemoteTransportException: [node-1][127.0.0.1:9300][cluster:monitor/nodes/liveness]
Caused by: org.elasticsearch.ElasticsearchSecurityException: missing authentication token for action [cluster:monitor/nodes/liveness]
	at org.elasticsearch.xpack.security.support.Exceptions.authenticationError(Exceptions.java:39) ~[?:?]
	at org.elasticsearch.xpack.security.authc.DefaultAuthenticationFailureHandler.missingToken(DefaultAuthenticationFailureHandler.java:74) ~[?:?]
	at org.elasticsearch.xpack.security.authc.AuthenticationService$AuditableTransportRequest.anonymousAccessDenied(AuthenticationService.java:553) ~[?:?]
	at org.elasticsearch.xpack.security.authc.AuthenticationService$Authenticator.lambda$handleNullToken$16(AuthenticationService.java:363) ~[?:?]
	at org.elasticsearch.xpack.security.authc.AuthenticationService$Authenticator.handleNullToken(AuthenticationService.java:368) ~[?:?]
	at org.elasticsearch.xpack.security.authc.AuthenticationService$Authenticator.consumeToken(AuthenticationService.java:295) ~[?:?]
	at org.elasticsearch.xpack.security.authc.AuthenticationService$Authenticator.lambda$extractToken$7(AuthenticationService.java:267) ~[?:?]
	at org.elasticsearch.xpack.security.authc.AuthenticationService$Authenticator.extractToken(AuthenticationService.java:284) ~[?:?]
	at org.elasticsearch.xpack.security.authc.AuthenticationService$Authenticator.lambda$null$0(AuthenticationService.java:218) ~[?:?]
	at org.elasticsearch.action.ActionListener$1.onResponse(ActionListener.java:59) ~[elasticsearch-5.5.3.jar:5.5.3]
	at org.elasticsearch.xpack.security.authc.TokenService.getAndValidateToken(TokenService.java:217) ~[?:?]
	at org.elasticsearch.xpack.security.authc.AuthenticationService$Authenticator.lambda$authenticateAsync$2(AuthenticationService.java:214) ~[?:?]
	at org.elasticsearch.xpack.security.authc.AuthenticationService$Authenticator.lambda$lookForExistingAuthentication$4(AuthenticationService.java:246) ~[?:?]
	at org.elasticsearch.xpack.security.authc.AuthenticationService$Authenticator.lookForExistingAuthentication(AuthenticationService.java:257) ~[?:?]
	at org.elasticsearch.xpack.security.authc.AuthenticationService$Authenticator.authenticateAsync(AuthenticationService.java:210) ~[?:?]
	at org.elasticsearch.xpack.security.authc.AuthenticationService$Authenticator.access$000(AuthenticationService.java:159) ~[?:?]
	at org.elasticsearch.xpack.security.authc.AuthenticationService.authenticate(AuthenticationService.java:122) ~[?:?]
	at org.elasticsearch.xpack.security.transport.ServerTransportFilter$NodeProfile.inbound(ServerTransportFilter.java:145) ~[?:?]
	at org.elasticsearch.xpack.security.transport.SecurityServerTransportInterceptor$ProfileSecuredRequestHandler.messageReceived(SecurityServerTransportInterceptor.java:314) ~[?:?]
	at org.elasticsearch.transport.RequestHandlerRegistry.processMessageReceived(RequestHandlerRegistry.java:69) ~[elasticsearch-5.5.3.jar:5.5.3]
	at org.elasticsearch.transport.TcpTransport$RequestHandler.doRun(TcpTransport.java:1544) ~[elasticsearch-5.5.3.jar:5.5.3]
	at org.elasticsearch.common.util.concurrent.AbstractRunnable.run(AbstractRunnable.java:37) ~[elasticsearch-5.5.3.jar:5.5.3]
	at org.elasticsearch.common.util.concurrent.EsExecutors$1.execute(EsExecutors.java:110) ~[elasticsearch-5.5.3.jar:5.5.3]
	at org.elasticsearch.transport.TcpTransport.handleRequest(TcpTransport.java:1501) ~[elasticsearch-5.5.3.jar:5.5.3]
	at org.elasticsearch.transport.TcpTransport.messageReceived(TcpTransport.java:1385) ~[elasticsearch-5.5.3.jar:5.5.3]
	at org.elasticsearch.transport.netty4.Netty4MessageChannelHandler.channelRead(Netty4MessageChannelHandler.java:74) ~[transport-netty4-client-5.5.3.jar:5.5.3]
	at io.netty.channel.AbstractChannelHandlerContext.invokeChannelRead(AbstractChannelHandlerContext.java:362) ~[netty-transport-4.1.11.Final.jar:4.1.11.Final]
	at io.netty.channel.AbstractChannelHandlerContext.invokeChannelRead(AbstractChannelHandlerContext.java:348) ~[netty-transport-4.1.11.Final.jar:4.1.11.Final]
	at io.netty.channel.AbstractChannelHandlerContext.fireChannelRead(AbstractChannelHandlerContext.java:340) ~[netty-transport-4.1.11.Final.jar:4.1.11.Final]
	at io.netty.handler.codec.ByteToMessageDecoder.fireChannelRead(ByteToMessageDecoder.java:310) ~[netty-codec-4.1.11.Final.jar:4.1.11.Final]
	at io.netty.handler.codec.ByteToMessageDecoder.fireChannelRead(ByteToMessageDecoder.java:297) ~[netty-codec-4.1.11.Final.jar:4.1.11.Final]
	at io.netty.handler.codec.ByteToMessageDecoder.callDecode(ByteToMessageDecoder.java:413) ~[netty-codec-4.1.11.Final.jar:4.1.11.Final]
	at io.netty.handler.codec.ByteToMessageDecoder.channelRead(ByteToMessageDecoder.java:265) ~[netty-codec-4.1.11.Final.jar:4.1.11.Final]
	at io.netty.channel.AbstractChannelHandlerContext.invokeChannelRead(AbstractChannelHandlerContext.java:362) ~[netty-transport-4.1.11.Final.jar:4.1.11.Final]
	at io.netty.channel.AbstractChannelHandlerContext.invokeChannelRead(AbstractChannelHandlerContext.java:348) ~[netty-transport-4.1.11.Final.jar:4.1.11.Final]
	at io.netty.channel.AbstractChannelHandlerContext.fireChannelRead(AbstractChannelHandlerContext.java:340) ~[netty-transport-4.1.11.Final.jar:4.1.11.Final]
	at io.netty.channel.ChannelInboundHandlerAdapter.channelRead(ChannelInboundHandlerAdapter.java:86) ~[netty-transport-4.1.11.Final.jar:4.1.11.Final]
	at io.netty.channel.AbstractChannelHandlerContext.invokeChannelRead(AbstractChannelHandlerContext.java:362) ~[netty-transport-4.1.11.Final.jar:4.1.11.Final]
	at io.netty.channel.AbstractChannelHandlerContext.invokeChannelRead(AbstractChannelHandlerContext.java:348) ~[netty-transport-4.1.11.Final.jar:4.1.11.Final]
	at io.netty.channel.AbstractChannelHandlerContext.fireChannelRead(AbstractChannelHandlerContext.java:340) ~[netty-transport-4.1.11.Final.jar:4.1.11.Final]
	at io.netty.channel.DefaultChannelPipeline$HeadContext.channelRead(DefaultChannelPipeline.java:1334) ~[netty-transport-4.1.11.Final.jar:4.1.11.Final]
	at io.netty.channel.AbstractChannelHandlerContext.invokeChannelRead(AbstractChannelHandlerContext.java:362) ~[netty-transport-4.1.11.Final.jar:4.1.11.Final]
	at io.netty.channel.AbstractChannelHandlerContext.invokeChannelRead(AbstractChannelHandlerContext.java:348) ~[netty-transport-4.1.11.Final.jar:4.1.11.Final]
	at io.netty.channel.DefaultChannelPipeline.fireChannelRead(DefaultChannelPipeline.java:926) ~[netty-transport-4.1.11.Final.jar:4.1.11.Final]
	at io.netty.channel.nio.AbstractNioByteChannel$NioByteUnsafe.read(AbstractNioByteChannel.java:134) ~[netty-transport-4.1.11.Final.jar:4.1.11.Final]
	at io.netty.channel.nio.NioEventLoop.processSelectedKey(NioEventLoop.java:644) ~[netty-transport-4.1.11.Final.jar:4.1.11.Final]
	at io.netty.channel.nio.NioEventLoop.processSelectedKeysPlain(NioEventLoop.java:544) ~[netty-transport-4.1.11.Final.jar:4.1.11.Final]
	at io.netty.channel.nio.NioEventLoop.processSelectedKeys(NioEventLoop.java:498) ~[netty-transport-4.1.11.Final.jar:4.1.11.Final]
	at io.netty.channel.nio.NioEventLoop.run(NioEventLoop.java:458) ~[netty-transport-4.1.11.Final.jar:4.1.11.Final]
	at io.netty.util.concurrent.SingleThreadEventExecutor$5.run(SingleThreadEventExecutor.java:858) ~[netty-common-4.1.11.Final.jar:4.1.11.Final]
	at java.lang.Thread.run(Thread.java:748) ~[?:1.8.0_161]
 INFO [main] 2018-04-13 14:23:46 (ESClient.java:33) connect success!
 INFO [main] 2018-04-13 14:28:04 (PluginsService.java:175) no modules loaded
 INFO [main] 2018-04-13 14:28:04 (PluginsService.java:178) loaded plugin [org.elasticsearch.index.reindex.ReindexPlugin]
 INFO [main] 2018-04-13 14:28:04 (PluginsService.java:178) loaded plugin [org.elasticsearch.join.ParentJoinPlugin]
 INFO [main] 2018-04-13 14:28:04 (PluginsService.java:178) loaded plugin [org.elasticsearch.percolator.PercolatorPlugin]
 INFO [main] 2018-04-13 14:28:04 (PluginsService.java:178) loaded plugin [org.elasticsearch.script.mustache.MustachePlugin]
 INFO [main] 2018-04-13 14:28:04 (PluginsService.java:178) loaded plugin [org.elasticsearch.transport.Netty3Plugin]
 INFO [main] 2018-04-13 14:28:04 (PluginsService.java:178) loaded plugin [org.elasticsearch.transport.Netty4Plugin]
 INFO [main] 2018-04-13 14:48:22 (PluginsService.java:175) no modules loaded
 INFO [main] 2018-04-13 14:48:22 (PluginsService.java:178) loaded plugin [org.elasticsearch.index.reindex.ReindexPlugin]
 INFO [main] 2018-04-13 14:48:22 (PluginsService.java:178) loaded plugin [org.elasticsearch.join.ParentJoinPlugin]
 INFO [main] 2018-04-13 14:48:22 (PluginsService.java:178) loaded plugin [org.elasticsearch.percolator.PercolatorPlugin]
 INFO [main] 2018-04-13 14:48:22 (PluginsService.java:178) loaded plugin [org.elasticsearch.script.mustache.MustachePlugin]
 INFO [main] 2018-04-13 14:48:22 (PluginsService.java:178) loaded plugin [org.elasticsearch.transport.Netty3Plugin]
 INFO [main] 2018-04-13 14:48:22 (PluginsService.java:178) loaded plugin [org.elasticsearch.transport.Netty4Plugin]
 INFO [main] 2018-04-13 14:48:22 (PluginsService.java:178) loaded plugin [org.elasticsearch.xpack.XPackPlugin]
 INFO [main] 2018-04-13 14:48:31 (ESClient.java:34) connect success!
 INFO [main] 2018-04-13 14:50:42 (PluginsService.java:175) no modules loaded
 INFO [main] 2018-04-13 14:50:42 (PluginsService.java:178) loaded plugin [org.elasticsearch.index.reindex.ReindexPlugin]
 INFO [main] 2018-04-13 14:50:42 (PluginsService.java:178) loaded plugin [org.elasticsearch.join.ParentJoinPlugin]
 INFO [main] 2018-04-13 14:50:42 (PluginsService.java:178) loaded plugin [org.elasticsearch.percolator.PercolatorPlugin]
 INFO [main] 2018-04-13 14:50:42 (PluginsService.java:178) loaded plugin [org.elasticsearch.script.mustache.MustachePlugin]
 INFO [main] 2018-04-13 14:50:42 (PluginsService.java:178) loaded plugin [org.elasticsearch.transport.Netty3Plugin]
 INFO [main] 2018-04-13 14:50:42 (PluginsService.java:178) loaded plugin [org.elasticsearch.transport.Netty4Plugin]
 INFO [main] 2018-04-13 14:50:42 (PluginsService.java:178) loaded plugin [org.elasticsearch.xpack.XPackPlugin]
 INFO [main] 2018-04-13 14:50:48 (ESClient.java:34) connect success!
 INFO [main] 2018-04-13 14:53:34 (PluginsService.java:175) no modules loaded
 INFO [main] 2018-04-13 14:53:34 (PluginsService.java:178) loaded plugin [org.elasticsearch.index.reindex.ReindexPlugin]
 INFO [main] 2018-04-13 14:53:34 (PluginsService.java:178) loaded plugin [org.elasticsearch.join.ParentJoinPlugin]
 INFO [main] 2018-04-13 14:53:34 (PluginsService.java:178) loaded plugin [org.elasticsearch.percolator.PercolatorPlugin]
 INFO [main] 2018-04-13 14:53:34 (PluginsService.java:178) loaded plugin [org.elasticsearch.script.mustache.MustachePlugin]
 INFO [main] 2018-04-13 14:53:34 (PluginsService.java:178) loaded plugin [org.elasticsearch.transport.Netty3Plugin]
 INFO [main] 2018-04-13 14:53:34 (PluginsService.java:178) loaded plugin [org.elasticsearch.transport.Netty4Plugin]
 INFO [main] 2018-04-13 14:53:34 (PluginsService.java:178) loaded plugin [org.elasticsearch.xpack.XPackPlugin]
 INFO [main] 2018-04-13 14:53:39 (ESClient.java:34) connect success!
 INFO [main] 2018-04-13 14:54:16 (PluginsService.java:175) no modules loaded
 INFO [main] 2018-04-13 14:54:16 (PluginsService.java:178) loaded plugin [org.elasticsearch.index.reindex.ReindexPlugin]
 INFO [main] 2018-04-13 14:54:16 (PluginsService.java:178) loaded plugin [org.elasticsearch.join.ParentJoinPlugin]
 INFO [main] 2018-04-13 14:54:16 (PluginsService.java:178) loaded plugin [org.elasticsearch.percolator.PercolatorPlugin]
 INFO [main] 2018-04-13 14:54:16 (PluginsService.java:178) loaded plugin [org.elasticsearch.script.mustache.MustachePlugin]
 INFO [main] 2018-04-13 14:54:16 (PluginsService.java:178) loaded plugin [org.elasticsearch.transport.Netty3Plugin]
 INFO [main] 2018-04-13 14:54:16 (PluginsService.java:178) loaded plugin [org.elasticsearch.transport.Netty4Plugin]
 INFO [main] 2018-04-13 14:54:16 (PluginsService.java:178) loaded plugin [org.elasticsearch.xpack.XPackPlugin]
 INFO [main] 2018-04-13 14:54:22 (ESClient.java:34) connect success!
 INFO [main] 2018-04-13 15:03:31 (PluginsService.java:175) no modules loaded
 INFO [main] 2018-04-13 15:03:31 (PluginsService.java:178) loaded plugin [org.elasticsearch.index.reindex.ReindexPlugin]
 INFO [main] 2018-04-13 15:03:31 (PluginsService.java:178) loaded plugin [org.elasticsearch.join.ParentJoinPlugin]
 INFO [main] 2018-04-13 15:03:31 (PluginsService.java:178) loaded plugin [org.elasticsearch.percolator.PercolatorPlugin]
 INFO [main] 2018-04-13 15:03:31 (PluginsService.java:178) loaded plugin [org.elasticsearch.script.mustache.MustachePlugin]
 INFO [main] 2018-04-13 15:03:31 (PluginsService.java:178) loaded plugin [org.elasticsearch.transport.Netty3Plugin]
 INFO [main] 2018-04-13 15:03:31 (PluginsService.java:178) loaded plugin [org.elasticsearch.transport.Netty4Plugin]
 INFO [main] 2018-04-13 15:03:31 (PluginsService.java:178) loaded plugin [org.elasticsearch.xpack.XPackPlugin]
 INFO [main] 2018-04-13 15:03:37 (ESClient.java:34) connect success!
